spawn /home/tamago/Desktop/kagakugijutu-scratch-update-1/raspi/bin/python /home/tamago/Desktop/kagakugijutu-scratch-update-1/main.py
get
{'data': [{'grade': 1, 'ID': [1143583120, 1087859425, 1143998457, 1130621736], 'Name': ['白と黒', '豪運！？当たりを13回当てろ！', '環境問題クイズ', 'プラットフォーマーEasy'], 'length': 4}, {'grade': 2, 'ID': [1119886560, 886142060, 1101581730, 'f127863(hco)', 'f198723(co)', 871332809, 1051152019, 1145536938], 'Name': ['環境問題について学ぶゲーム', 'おにぎりガチャex', '何もかもがめっちゃ早いゲーム', 'Fistoflatning！サンズ戦', 'Chat\u3000APP\u3000V1.0', 'プロセカガチャ', '鬼畜避けゲー', 'この世界との共存を！'], 'length': 8}]}
1
{
    "grade": 1,
    "ID": [
        1143583120,
        1087859425,
        1143998457,
        1130621736
    ],
    "Name": [
        "白と黒",
        "豪運！？当たりを13回当てろ！",
        "環境問題クイズ",
        "プラットフォーマーEasy"
    ],
    "length": 4
}

2
{
    "grade": 2,
    "ID": [
        1119886560,
        886142060,
        1101581730,
        "f127863(hco)",
        "f198723(co)",
        871332809,
        1051152019,
        1145536938
    ],
    "Name": [
        "環境問題について学ぶゲーム",
        "おにぎりガチャex",
        "何もかもがめっちゃ早いゲーム",
        "Fistoflatning！サンズ戦",
        "Chat　APP　V1.0",
        "プロセカガチャ",
        "鬼畜避けゲー",
        "この世界との共存を！"
    ],
    "length": 8
}
var gradedata=[{"grade":1,"ID":[1143583120,1087859425,1143998457,1130621736],"Name":["白と黒","豪運！？当たりを13回当てろ！","環境問題クイズ","プラットフォーマーEasy"],"length":4},{"grade":2,"ID":[1119886560,886142060,1101581730,"f127863(hco)","f198723(co)",871332809,1051152019,1145536938],"Name":["環境問題について学ぶゲーム","おにぎりガチャex","何もかもがめっちゃ早いゲーム","Fistoflatning！サンズ戦","Chat　APP　V1.0","プロセカガチャ","鬼畜避けゲー","この世界との共存を！"],"length":8}];
git pull
Already up to date.
write grade.js
git add .
